[debug] [2019-12-26T11:43:10.066Z] ----------------------------------------------------------------------
[debug] [2019-12-26T11:43:10.069Z] Command:       C:\Program Files\nodejs\node.exe C:\Users\CookieRamen\AppData\Roaming\npm\node_modules\firebase-tools\lib\bin\firebase.js serve
[debug] [2019-12-26T11:43:10.069Z] CLI Version:   7.11.0
[debug] [2019-12-26T11:43:10.069Z] Platform:      win32
[debug] [2019-12-26T11:43:10.069Z] Node Version:  v12.12.0
[debug] [2019-12-26T11:43:10.070Z] Time:          Thu Dec 26 2019 20:43:10 GMT+0900 (GMT+09:00)
[debug] [2019-12-26T11:43:10.070Z] ----------------------------------------------------------------------
[debug] [2019-12-26T11:43:10.070Z] 
[debug] [2019-12-26T11:43:10.077Z] > command requires scopes: ["email","openid","https://www.googleapis.com/auth/cloudplatformprojects.readonly","https://www.googleapis.com/auth/firebase","https://www.googleapis.com/auth/cloud-platform"]
[debug] [2019-12-26T11:43:10.078Z] > authorizing via signed-in user
[debug] [2019-12-26T11:43:10.078Z] [iam] checking project misskeylivefront for permissions ["firebase.projects.get"]
[debug] [2019-12-26T11:43:10.079Z] >>> HTTP REQUEST POST https://cloudresourcemanager.googleapis.com/v1/projects/misskeylivefront:testIamPermissions  

[debug] [2019-12-26T11:43:10.385Z] <<< HTTP RESPONSE 200
[debug] [2019-12-26T11:43:10.387Z] >>> HTTP REQUEST GET https://firebase.googleapis.com/v1beta1/projects/misskeylivefront  
 
[debug] [2019-12-26T11:43:11.097Z] <<< HTTP RESPONSE 200
[info] 
[info] === Serving from 'C:\Users\CookieRamen\Documents\git\misskey\live\MisskeyLiveFront'...
[info] 
[debug] [2019-12-26T11:43:11.102Z] >>> HTTP REQUEST GET https://firebase.googleapis.com/v1beta1/projects/misskeylivefront/webApps/-/config  
 
[debug] [2019-12-26T11:43:12.168Z] <<< HTTP RESPONSE 200
[info] i  hosting: Serving hosting files from: dist/browser
[info] +  hosting: Local server: http://localhost:5000
[warn] !  Your requested "node" version "8" doesn't match your global version "12"
[info] +  functions: Emulator started at http://localhost:5001
[info] i  functions: Watching "C:\Users\CookieRamen\Documents\git\misskey\live\MisskeyLiveFront\functions" for Cloud Functions...
[debug] [2019-12-26T11:43:13.625Z] [worker-pool] addWorker(~diagnostic~)
[debug] [2019-12-26T11:43:13.625Z] [worker-pool] Adding worker with key ~diagnostic~, total=1
[debug] [2019-12-26T11:43:13.626Z] [worker-pool] submitWork(triggerId=)
[debug] [2019-12-26T11:43:13.626Z] [worker-~diagnostic~-e0daf2a3-d63e-450e-9c31-84bf9e96de30]: Assigning socketPath: \\?\pipe\C:\Users\CookieRamen\Documents\git\misskey\live\MisskeyLiveFront\functions\2220
[debug] [2019-12-26T11:43:13.626Z] [worker-~diagnostic~-e0daf2a3-d63e-450e-9c31-84bf9e96de30]: BUSY
[debug] [2019-12-26T11:43:13.984Z] [runtime-status] [2220] Functions runtime initialized. {"cwd":"C:\\Users\\CookieRamen\\Documents\\git\\misskey\\live\\MisskeyLiveFront\\functions","node_version":"12.12.0"}
[debug] [2019-12-26T11:43:13.984Z] [runtime-status] [2220] Disabled runtime features: {"functions_config_helper":true,"network_filtering":true,"timeout":true,"memory_limiting":true,"admin_stubs":true,"pubsub_emulator":true}
[debug] [2019-12-26T11:43:13.987Z] [runtime-status] [2220] Resolved module firebase-admin {"declared":true,"installed":true,"version":"8.9.0","resolution":"C:\\Users\\CookieRamen\\Documents\\git\\misskey\\live\\MisskeyLiveFront\\functions\\node_modules\\firebase-admin\\lib\\index.js"}
[debug] [2019-12-26T11:43:13.988Z] [runtime-status] [2220] Resolved module firebase-functions {"declared":true,"installed":true,"version":"3.3.0","resolution":"C:\\Users\\CookieRamen\\Documents\\git\\misskey\\live\\MisskeyLiveFront\\functions\\node_modules\\firebase-functions\\lib\\index.js"}
[debug] [2019-12-26T11:43:13.989Z] [runtime-status] [2220] Resolved module firebase-functions {"declared":true,"installed":true,"version":"3.3.0","resolution":"C:\\Users\\CookieRamen\\Documents\\git\\misskey\\live\\MisskeyLiveFront\\functions\\node_modules\\firebase-functions\\lib\\index.js"}
[info] +  functions[ssr]: http function initialized (http://localhost:5001/misskeylivefront/us-central1/ssr).
[debug] [2019-12-26T11:43:14.457Z] [worker-~diagnostic~-e0daf2a3-d63e-450e-9c31-84bf9e96de30]: IDLE
[info] [hosting] Rewriting / to http://localhost:5001/misskeylivefront/us-central1/ssr for local Function ssr
[debug] [2019-12-26T11:43:16.240Z] [work-queue] {"queueLength":1,"workRunningCount":0}
[debug] [2019-12-26T11:43:16.240Z] [work-queue] {"queueLength":0,"workRunningCount":1}
[debug] [2019-12-26T11:43:16.240Z] Accepted request GET /misskeylivefront/us-central1/ssr/ --> ssr
[debug] [2019-12-26T11:43:16.246Z] [worker-pool] addWorker(ssr)
[debug] [2019-12-26T11:43:16.246Z] [worker-pool] Adding worker with key ssr, total=1
[debug] [2019-12-26T11:43:16.246Z] [worker-pool] submitWork(triggerId=ssr)
[debug] [2019-12-26T11:43:16.246Z] [worker-ssr-436dd36f-eed8-4890-9f9b-504244383880]: Assigning socketPath: \\?\pipe\C:\Users\CookieRamen\Documents\git\misskey\live\MisskeyLiveFront\functions\16372
[debug] [2019-12-26T11:43:16.246Z] [worker-ssr-436dd36f-eed8-4890-9f9b-504244383880]: BUSY
[debug] [2019-12-26T11:43:17.107Z] [runtime-status] [16372] Functions runtime initialized. {"cwd":"C:\\Users\\CookieRamen\\Documents\\git\\misskey\\live\\MisskeyLiveFront\\functions","node_version":"12.12.0"}
[debug] [2019-12-26T11:43:17.110Z] [runtime-status] [16372] Disabled runtime features: {"functions_config_helper":true,"network_filtering":true,"timeout":true,"memory_limiting":true,"admin_stubs":true,"pubsub_emulator":true}
[debug] [2019-12-26T11:43:17.116Z] [runtime-status] [16372] Resolved module firebase-admin {"declared":true,"installed":true,"version":"8.9.0","resolution":"C:\\Users\\CookieRamen\\Documents\\git\\misskey\\live\\MisskeyLiveFront\\functions\\node_modules\\firebase-admin\\lib\\index.js"}
[debug] [2019-12-26T11:43:17.119Z] [runtime-status] [16372] Resolved module firebase-functions {"declared":true,"installed":true,"version":"3.3.0","resolution":"C:\\Users\\CookieRamen\\Documents\\git\\misskey\\live\\MisskeyLiveFront\\functions\\node_modules\\firebase-functions\\lib\\index.js"}
[debug] [2019-12-26T11:43:17.121Z] [runtime-status] [16372] Resolved module firebase-functions {"declared":true,"installed":true,"version":"3.3.0","resolution":"C:\\Users\\CookieRamen\\Documents\\git\\misskey\\live\\MisskeyLiveFront\\functions\\node_modules\\firebase-functions\\lib\\index.js"}
[debug] [2019-12-26T11:43:18.119Z] [runtime-status] [16372] Trigger "ssr" has been found, beginning invocation!
[info] i  functions: Beginning execution of "ssr"
[debug] [2019-12-26T11:43:18.121Z] [runtime-status] [16372] triggerDefinition {"httpsTrigger":{},"name":"ssr","entryPoint":"ssr"}
[debug] [2019-12-26T11:43:18.122Z] [runtime-status] [16372] Running ssr in mode HTTPS
[debug] [2019-12-26T11:43:18.128Z] [runtime-status] [16372] Attempting to listen to socketPath: \\?\pipe\C:\Users\CookieRamen\Documents\git\misskey\live\MisskeyLiveFront\functions\16372
[debug] [2019-12-26T11:43:18.134Z] [functions] Runtime ready! Sending request!
[debug] [2019-12-26T11:43:18.142Z] [runtime-status] [16372] Ephemeral server handling GET request
[debug] [2019-12-26T11:43:18.183Z] [runtime-status] [16372] Ephemeral server survived.
[info] >  ERROR Error: Uncaught (in promise): Error: Cannot match any routes. URL Segment: 'misskeylivefront/us-central1/ssr'
[info] >  Error: Cannot match any routes. URL Segment: 'misskeylivefront/us-central1/ssr'
[info] >      at router_ApplyRedirects.noMatchError (C:\Users\CookieRamen\Documents\git\misskey\live\MisskeyLiveFront\functions\dist\server.js:303150:16)
[info] >      at catchError_CatchSubscriber.selector (C:\Users\CookieRamen\Documents\git\misskey\live\MisskeyLiveFront\functions\dist\server.js:303114:28)
[info] >      at catchError_CatchSubscriber.error (C:\Users\CookieRamen\Documents\git\misskey\live\MisskeyLiveFront\functions\dist\server.js:299200:31)
[info] >      at MapSubscriber._error (C:\Users\CookieRamen\Documents\git\misskey\live\MisskeyLiveFront\functions\dist\server.js:67221:26)
[info] >      at MapSubscriber.error (C:\Users\CookieRamen\Documents\git\misskey\live\MisskeyLiveFront\functions\dist\server.js:67201:18)
[info] >      at MapSubscriber._error (C:\Users\CookieRamen\Documents\git\misskey\live\MisskeyLiveFront\functions\dist\server.js:67221:26)
[info] >      at MapSubscriber.error (C:\Users\CookieRamen\Documents\git\misskey\live\MisskeyLiveFront\functions\dist\server.js:67201:18)
[info] >      at MapSubscriber._error (C:\Users\CookieRamen\Documents\git\misskey\live\MisskeyLiveFront\functions\dist\server.js:67221:26)
[info] >      at MapSubscriber.error (C:\Users\CookieRamen\Documents\git\misskey\live\MisskeyLiveFront\functions\dist\server.js:67201:18)
[info] >      at ThrowIfEmptySubscriber._error (C:\Users\CookieRamen\Documents\git\misskey\live\MisskeyLiveFront\functions\dist\server.js:67221:26)
[info] >      at resolvePromise (C:\Users\CookieRamen\Documents\git\misskey\live\MisskeyLiveFront\functions\dist\server.js:1016:31)
[info] >      at resolvePromise (C:\Users\CookieRamen\Documents\git\misskey\live\MisskeyLiveFront\functions\dist\server.js:973:17)
[info] >      at C:\Users\CookieRamen\Documents\git\misskey\live\MisskeyLiveFront\functions\dist\server.js:1077:17
[info] >      at ZoneDelegate.invokeTask (C:\Users\CookieRamen\Documents\git\misskey\live\MisskeyLiveFront\functions\dist\server.js:587:31)
[info] >      at Object.onInvokeTask (C:\Users\CookieRamen\Documents\git\misskey\live\MisskeyLiveFront\functions\dist\server.js:102885:33)
[info] >      at ZoneDelegate.invokeTask (C:\Users\CookieRamen\Documents\git\misskey\live\MisskeyLiveFront\functions\dist\server.js:586:60)
[info] >      at Zone.runTask (C:\Users\CookieRamen\Documents\git\misskey\live\MisskeyLiveFront\functions\dist\server.js:359:47)
[info] >      at drainMicroTaskQueue (C:\Users\CookieRamen\Documents\git\misskey\live\MisskeyLiveFront\functions\dist\server.js:765:35)
[info] >      at ZoneTask.invokeTask (C:\Users\CookieRamen\Documents\git\misskey\live\MisskeyLiveFront\functions\dist\server.js:666:21)
[info] >      at Server.ZoneTask.invoke (C:\Users\CookieRamen\Documents\git\misskey\live\MisskeyLiveFront\functions\dist\server.js:651:48) {
[info] >    rejection: Error: Cannot match any routes. URL Segment: 'misskeylivefront/us-central1/ssr'
[info] >        at router_ApplyRedirects.noMatchError (C:\Users\CookieRamen\Documents\git\misskey\live\MisskeyLiveFront\functions\dist\server.js:303150:16)
[info] >        at catchError_CatchSubscriber.selector (C:\Users\CookieRamen\Documents\git\misskey\live\MisskeyLiveFront\functions\dist\server.js:303114:28)
[info] >        at catchError_CatchSubscriber.error (C:\Users\CookieRamen\Documents\git\misskey\live\MisskeyLiveFront\functions\dist\server.js:299200:31)
[info] >        at MapSubscriber._error (C:\Users\CookieRamen\Documents\git\misskey\live\MisskeyLiveFront\functions\dist\server.js:67221:26)
[info] >        at MapSubscriber.error (C:\Users\CookieRamen\Documents\git\misskey\live\MisskeyLiveFront\functions\dist\server.js:67201:18)
[info] >        at MapSubscriber._error (C:\Users\CookieRamen\Documents\git\misskey\live\MisskeyLiveFront\functions\dist\server.js:67221:26)
[info] >        at MapSubscriber.error (C:\Users\CookieRamen\Documents\git\misskey\live\MisskeyLiveFront\functions\dist\server.js:67201:18)
[info] >        at MapSubscriber._error (C:\Users\CookieRamen\Documents\git\misskey\live\MisskeyLiveFront\functions\dist\server.js:67221:26)
[info] >        at MapSubscriber.error (C:\Users\CookieRamen\Documents\git\misskey\live\MisskeyLiveFront\functions\dist\server.js:67201:18)
[info] >        at ThrowIfEmptySubscriber._error (C:\Users\CookieRamen\Documents\git\misskey\live\MisskeyLiveFront\functions\dist\server.js:67221:26),
[info] >    promise: ZoneAwarePromise [Promise] {
[info] >      __zone_symbol__state: 0,
[info] >      __zone_symbol__value: Error: Cannot match any routes. URL Segment: 'misskeylivefront/us-central1/ssr'
[info] >          at router_ApplyRedirects.noMatchError (C:\Users\CookieRamen\Documents\git\misskey\live\MisskeyLiveFront\functions\dist\server.js:303150:16)
[info] >          at catchError_CatchSubscriber.selector (C:\Users\CookieRamen\Documents\git\misskey\live\MisskeyLiveFront\functions\dist\server.js:303114:28)
[info] >          at catchError_CatchSubscriber.error (C:\Users\CookieRamen\Documents\git\misskey\live\MisskeyLiveFront\functions\dist\server.js:299200:31)
[info] >          at MapSubscriber._error (C:\Users\CookieRamen\Documents\git\misskey\live\MisskeyLiveFront\functions\dist\server.js:67221:26)
[info] >          at MapSubscriber.error (C:\Users\CookieRamen\Documents\git\misskey\live\MisskeyLiveFront\functions\dist\server.js:67201:18)
[info] >          at MapSubscriber._error (C:\Users\CookieRamen\Documents\git\misskey\live\MisskeyLiveFront\functions\dist\server.js:67221:26)
[info] >          at MapSubscriber.error (C:\Users\CookieRamen\Documents\git\misskey\live\MisskeyLiveFront\functions\dist\server.js:67201:18)
[info] >          at MapSubscriber._error (C:\Users\CookieRamen\Documents\git\misskey\live\MisskeyLiveFront\functions\dist\server.js:67221:26)
[info] >          at MapSubscriber.error (C:\Users\CookieRamen\Documents\git\misskey\live\MisskeyLiveFront\functions\dist\server.js:67201:18)
[info] >          at ThrowIfEmptySubscriber._error (C:\Users\CookieRamen\Documents\git\misskey\live\MisskeyLiveFront\functions\dist\server.js:67221:26)
[info] >    },
[info] >    zone: Zone {
[info] >      _parent: Zone {
[info] >        _parent: null,
[info] >        _name: '<root>',
[info] >        _properties: {},
[info] >        _zoneDelegate: [ZoneDelegate]
[info] >      },
[info] >      _name: 'angular',
[info] >      _properties: { isAngularZone: true },
[info] >      _zoneDelegate: ZoneDelegate {
[info] >        _taskCounts: [Object],
[info] >        zone: [Circular],
[info] >        _parentDelegate: [ZoneDelegate],
[info] >        _forkZS: null,
[info] >        _forkDlgt: null,
[info] >        _forkCurrZone: [Zone],
[info] >        _interceptZS: null,
[info] >        _interceptDlgt: null,
[info] >        _interceptCurrZone: [Zone],
[info] >        _invokeZS: [Object],
[info] >        _invokeDlgt: [ZoneDelegate],
[info] >        _invokeCurrZone: [Circular],
[info] >        _handleErrorZS: [Object],
[info] >        _handleErrorDlgt: [ZoneDelegate],
[info] >        _handleErrorCurrZone: [Circular],
[info] >        _scheduleTaskZS: [Object],
[info] >        _scheduleTaskDlgt: [ZoneDelegate],
[info] >        _scheduleTaskCurrZone: [Circular],
[info] >        _invokeTaskZS: [Object],
[info] >        _invokeTaskDlgt: [ZoneDelegate],
[info] >        _invokeTaskCurrZone: [Circular],
[info] >        _cancelTaskZS: [Object],
[info] >        _cancelTaskDlgt: [ZoneDelegate],
[info] >        _cancelTaskCurrZone: [Circular],
[info] >        _hasTaskZS: [Object],
[info] >        _hasTaskDlgt: [ZoneDelegate],
[info] >        _hasTaskDlgtOwner: [Circular],
[info] >        _hasTaskCurrZone: [Circular]
[info] >      }
[info] >    },
[info] >    task: ZoneTask {
[info] >      _zone: Zone {
[info] >        _parent: [Zone],
[info] >        _name: 'angular',
[info] >        _properties: [Object],
[info] >        _zoneDelegate: [ZoneDelegate]
[info] >      },
[info] >      runCount: 0,
[info] >      _zoneDelegates: null,
[info] >      _state: 'notScheduled',
[info] >      type: 'microTask',
[info] >      source: 'Promise.then',
[info] >      data: ZoneAwarePromise [Promise] {
[info] >        __zone_symbol__state: 0,
[info] >        __zone_symbol__value: Error: Cannot match any routes. URL Segment: 'misskeylivefront/us-central1/ssr'
[info] >            at router_ApplyRedirects.noMatchError (C:\Users\CookieRamen\Documents\git\misskey\live\MisskeyLiveFront\functions\dist\server.js:303150:16)
[info] >            at catchError_CatchSubscriber.selector (C:\Users\CookieRamen\Documents\git\misskey\live\MisskeyLiveFront\functions\dist\server.js:303114:28)
[info] >            at catchError_CatchSubscriber.error (C:\Users\CookieRamen\Documents\git\misskey\live\MisskeyLiveFront\functions\dist\server.js:299200:31)
[info] >            at MapSubscriber._error (C:\Users\CookieRamen\Documents\git\misskey\live\MisskeyLiveFront\functions\dist\server.js:67221:26)
[info] >            at MapSubscriber.error (C:\Users\CookieRamen\Documents\git\misskey\live\MisskeyLiveFront\functions\dist\server.js:67201:18)
[info] >            at MapSubscriber._error (C:\Users\CookieRamen\Documents\git\misskey\live\MisskeyLiveFront\functions\dist\server.js:67221:26)
[info] >            at MapSubscriber.error (C:\Users\CookieRamen\Documents\git\misskey\live\MisskeyLiveFront\functions\dist\server.js:67201:18)
[info] >            at MapSubscriber._error (C:\Users\CookieRamen\Documents\git\misskey\live\MisskeyLiveFront\functions\dist\server.js:67221:26)
[info] >            at MapSubscriber.error (C:\Users\CookieRamen\Documents\git\misskey\live\MisskeyLiveFront\functions\dist\server.js:67201:18)
[info] >            at ThrowIfEmptySubscriber._error (C:\Users\CookieRamen\Documents\git\misskey\live\MisskeyLiveFront\functions\dist\server.js:67221:26)
[info] >      },
[info] >      scheduleFn: undefined,
[info] >      cancelFn: undefined,
[info] >      callback: [Function],
[info] >      invoke: [Function]
[info] >    }
[info] >  }
[info] i  functions: Finished "ssr" in ~1s
[debug] [2019-12-26T11:43:18.448Z] [worker-ssr-436dd36f-eed8-4890-9f9b-504244383880]: IDLE
[debug] [2019-12-26T11:43:18.448Z] [work-queue] {"queueLength":0,"workRunningCount":0}
